#
# There is insufficient memory for the Java Runtime Environment to continue.
# Native memory allocation (mmap) failed to map 268435456 bytes for G1 virtual space
# Possible reasons:
#   The system is out of physical RAM or swap space
#   The process is running with CompressedOops enabled, and the Java Heap may be blocking the growth of the native heap
# Possible solutions:
#   Reduce memory load on the system
#   Increase physical memory or swap space
#   Check if swap backing store is full
#   Decrease Java heap size (-Xmx/-Xms)
#   Decrease number of Java threads
#   Decrease Java thread stack sizes (-Xss)
#   Set larger code cache with -XX:ReservedCodeCacheSize=
#   JVM is running with Zero Based Compressed Oops mode in which the Java heap is
#     placed in the first 32GB address space. The Java Heap base address is the
#     maximum limit for the native heap growth. Please use -XX:HeapBaseMinAddress
#     to set the Java Heap base and to place the Java Heap above 32GB virtual address.
# This output file may be truncated or incomplete.
#
#  Out of Memory Error (os_windows.cpp:3541), pid=33112, tid=36212
#
# JRE version:  (17.0.4+8) (build )
# Java VM: OpenJDK 64-Bit Server VM (17.0.4+8, mixed mode, emulated-client, sharing, tiered, compressed oops, compressed class ptrs, g1 gc, windows-amd64)
# No core dump will be written. Minidumps are not enabled by default on client versions of Windows
#

---------------  S U M M A R Y ------------

Command Line: -Dcom.sun.management.jmxremote -Dcom.sun.management.jmxremote.port=59508 -Dcom.sun.management.jmxremote.authenticate=false -Dcom.sun.management.jmxremote.ssl=false -Djava.rmi.server.hostname=localhost -Dspring.jmx.enabled=true -Dspring.application.admin.enabled=true -XX:TieredStopAtLevel=1 -Dspring.boot.project.name=nttdata-ms-eureka-t1-JJMA -Dfile.encoding=UTF-8 -XX:+ShowCodeDetailsInExceptionMessages com.nttdata.NttDataEurekaApplication --spring.output.ansi.enabled=always

Host: Intel(R) Core(TM) i7-8750H CPU @ 2.20GHz, 12 cores, 15G,  Windows 10 , 64 bit Build 19041 (10.0.19041.2364)
Time: Wed Dec 21 23:33:42 2022 Hora estándar romance elapsed time: 0.352357 seconds (0d 0h 0m 0s)

---------------  T H R E A D  ---------------

Current thread (0x0000018198546110):  JavaThread "Unknown thread" [_thread_in_vm, id=36212, stack(0x000000271b700000,0x000000271b800000)]

Stack: [0x000000271b700000,0x000000271b800000]
Native frames: (J=compiled Java code, j=interpreted, Vv=VM code, C=native code)
V  [jvm.dll+0x67733a]
V  [jvm.dll+0x8323c4]
V  [jvm.dll+0x833b6e]
V  [jvm.dll+0x8341d3]
V  [jvm.dll+0x2455e5]
V  [jvm.dll+0x674229]
V  [jvm.dll+0x668ab2]
V  [jvm.dll+0x30458b]
V  [jvm.dll+0x30bad6]
V  [jvm.dll+0x35ba7e]
V  [jvm.dll+0x35bcaf]
V  [jvm.dll+0x2db428]
V  [jvm.dll+0x2dc394]
V  [jvm.dll+0x803ef1]
V  [jvm.dll+0x3698d1]
V  [jvm.dll+0x7e320c]
V  [jvm.dll+0x3ec23f]
V  [jvm.dll+0x3eddc1]
C  [jli.dll+0x5277]
C  [ucrtbase.dll+0x21bb2]
C  [KERNEL32.DLL+0x17614]
C  [ntdll.dll+0x526a1]


---------------  P R O C E S S  ---------------

Threads class SMR info:
_java_thread_list=0x00007ffbb8044e98, length=0, elements={
}

Java Threads: ( => current thread )

Other Threads:
  0x00000181985b3aa0 GCTaskThread "GC Thread#0" [stack: 0x000000271b800000,0x000000271b900000] [id=32368]
  0x00000181985c4700 ConcurrentGCThread "G1 Main Marker" [stack: 0x000000271b900000,0x000000271ba00000] [id=1556]
  0x00000181985c57c0 ConcurrentGCThread "G1 Conc#0" [stack: 0x000000271ba00000,0x000000271bb00000] [id=12124]

[error occurred during error reporting (printing all threads), id 0xc0000005, EXCEPTION_ACCESS_VIOLATION (0xc0000005) at pc=0x00007ffbb781beb7]

VM state: not at safepoint (not fully initialized)

VM Mutex/Monitor currently owned by a thread:  ([mutex/lock_event])
[0x0000018198542c20] Heap_lock - owner thread: 0x0000018198546110

Heap address: 0x0000000701e00000, size: 4066 MB, Compressed Oops mode: Zero based, Oop shift amount: 3

CDS archive(s) mapped at: [0x0000000000000000-0x0000000000000000-0x0000000000000000), size 0, SharedBaseAddress: 0x0000000800000000, ArchiveRelocationMode: 0.
Narrow klass base: 0x0000000000000000, Narrow klass shift: 0, Narrow klass range: 0x0

GC Precious Log:
<Empty>

Heap:
 garbage-first heap   total 0K, used 0K [0x0000000701e00000, 0x0000000800000000)
  region size 2048K, 0 young (0K), 0 survivors (0K)

[error occurred during error reporting (printing heap information), id 0xc0000005, EXCEPTION_ACCESS_VIOLATION (0xc0000005) at pc=0x00007ffbb7c006b9]

GC Heap History (0 events):
No events

Deoptimization events (0 events):
No events

Classes unloaded (0 events):
No events

Classes redefined (0 events):
No events

Internal exceptions (0 events):
No events

VM Operations (0 events):
No events

Events (1 events):
Event: 0.005 Loaded shared library D:\CURSOS\Microservicios\sts\sts-4.15.3.RELEASE\plugins\org.eclipse.justj.openjdk.hotspot.jre.full.win32.x86_64_17.0.4.v20220805-1047\jre\bin\java.dll


Dynamic libraries:
0x00007ff6ad010000 - 0x00007ff6ad01e000 	D:\CURSOS\Microservicios\sts\sts-4.15.3.RELEASE\plugins\org.eclipse.justj.openjdk.hotspot.jre.full.win32.x86_64_17.0.4.v20220805-1047\jre\bin\javaw.exe
0x00007ffc1fc10000 - 0x00007ffc1fe08000 	C:\WINDOWS\SYSTEM32\ntdll.dll
0x00007ffc1e7a0000 - 0x00007ffc1e85f000 	C:\WINDOWS\System32\KERNEL32.DLL
0x00007ffc1d550000 - 0x00007ffc1d822000 	C:\WINDOWS\System32\KERNELBASE.dll
0x00007ffc1d300000 - 0x00007ffc1d400000 	C:\WINDOWS\System32\ucrtbase.dll
0x00007ffc14e90000 - 0x00007ffc14ea8000 	D:\CURSOS\Microservicios\sts\sts-4.15.3.RELEASE\plugins\org.eclipse.justj.openjdk.hotspot.jre.full.win32.x86_64_17.0.4.v20220805-1047\jre\bin\jli.dll
0x00007ffc14ed0000 - 0x00007ffc14ee9000 	D:\CURSOS\Microservicios\sts\sts-4.15.3.RELEASE\plugins\org.eclipse.justj.openjdk.hotspot.jre.full.win32.x86_64_17.0.4.v20220805-1047\jre\bin\VCRUNTIME140.dll
0x00007ffc1e5f0000 - 0x00007ffc1e791000 	C:\WINDOWS\System32\USER32.dll
0x00007ffc1dc20000 - 0x00007ffc1dc42000 	C:\WINDOWS\System32\win32u.dll
0x00007ffc03b90000 - 0x00007ffc03e2a000 	C:\WINDOWS\WinSxS\amd64_microsoft.windows.common-controls_6595b64144ccf1df_6.0.19041.1110_none_60b5254171f9507e\COMCTL32.dll
0x00007ffc1f7c0000 - 0x00007ffc1f7eb000 	C:\WINDOWS\System32\GDI32.dll
0x00007ffc1e320000 - 0x00007ffc1e3be000 	C:\WINDOWS\System32\msvcrt.dll
0x00007ffc1dac0000 - 0x00007ffc1dbcf000 	C:\WINDOWS\System32\gdi32full.dll
0x00007ffc1da20000 - 0x00007ffc1dabd000 	C:\WINDOWS\System32\msvcp_win.dll
0x00007ffc1f980000 - 0x00007ffc1f9b2000 	C:\WINDOWS\System32\IMM32.DLL
0x00007ffc14a00000 - 0x00007ffc14a0c000 	D:\CURSOS\Microservicios\sts\sts-4.15.3.RELEASE\plugins\org.eclipse.justj.openjdk.hotspot.jre.full.win32.x86_64_17.0.4.v20220805-1047\jre\bin\vcruntime140_1.dll
0x00007ffbea960000 - 0x00007ffbea9f1000 	D:\CURSOS\Microservicios\sts\sts-4.15.3.RELEASE\plugins\org.eclipse.justj.openjdk.hotspot.jre.full.win32.x86_64_17.0.4.v20220805-1047\jre\bin\msvcp140.dll
0x00007ffbb7530000 - 0x00007ffbb8176000 	D:\CURSOS\Microservicios\sts\sts-4.15.3.RELEASE\plugins\org.eclipse.justj.openjdk.hotspot.jre.full.win32.x86_64_17.0.4.v20220805-1047\jre\bin\server\jvm.dll
0x00007ffc1f9c0000 - 0x00007ffc1fa6e000 	C:\WINDOWS\System32\ADVAPI32.dll
0x00007ffc1dd70000 - 0x00007ffc1de0c000 	C:\WINDOWS\System32\sechost.dll
0x00007ffc1f600000 - 0x00007ffc1f725000 	C:\WINDOWS\System32\RPCRT4.dll
0x00007ffc1f730000 - 0x00007ffc1f738000 	C:\WINDOWS\System32\PSAPI.DLL
0x00007ffc15240000 - 0x00007ffc1524a000 	C:\WINDOWS\SYSTEM32\VERSION.dll
0x00007ffc01870000 - 0x00007ffc01879000 	C:\WINDOWS\SYSTEM32\WSOCK32.dll
0x00007ffc0b3b0000 - 0x00007ffc0b3d7000 	C:\WINDOWS\SYSTEM32\WINMM.dll
0x00007ffc1e860000 - 0x00007ffc1e8cb000 	C:\WINDOWS\System32\WS2_32.dll
0x00007ffc1bb50000 - 0x00007ffc1bb62000 	C:\WINDOWS\SYSTEM32\kernel.appcore.dll
0x00007ffc17ef0000 - 0x00007ffc17efa000 	D:\CURSOS\Microservicios\sts\sts-4.15.3.RELEASE\plugins\org.eclipse.justj.openjdk.hotspot.jre.full.win32.x86_64_17.0.4.v20220805-1047\jre\bin\jimage.dll
0x00007ffc1b870000 - 0x00007ffc1ba54000 	C:\WINDOWS\SYSTEM32\DBGHELP.DLL
0x00007ffc004c0000 - 0x00007ffc004f5000 	C:\WINDOWS\SYSTEM32\dbgcore.DLL
0x00007ffc1d830000 - 0x00007ffc1d8b2000 	C:\WINDOWS\System32\bcryptPrimitives.dll
0x00007ffc15de0000 - 0x00007ffc15e05000 	D:\CURSOS\Microservicios\sts\sts-4.15.3.RELEASE\plugins\org.eclipse.justj.openjdk.hotspot.jre.full.win32.x86_64_17.0.4.v20220805-1047\jre\bin\java.dll

dbghelp: loaded successfully - version: 4.0.5 - missing functions: none
symbol engine: initialized successfully - sym options: 0x614 - pdb path: .;D:\CURSOS\Microservicios\sts\sts-4.15.3.RELEASE\plugins\org.eclipse.justj.openjdk.hotspot.jre.full.win32.x86_64_17.0.4.v20220805-1047\jre\bin;C:\WINDOWS\SYSTEM32;C:\WINDOWS\WinSxS\amd64_microsoft.windows.common-controls_6595b64144ccf1df_6.0.19041.1110_none_60b5254171f9507e;D:\CURSOS\Microservicios\sts\sts-4.15.3.RELEASE\plugins\org.eclipse.justj.openjdk.hotspot.jre.full.win32.x86_64_17.0.4.v20220805-1047\jre\bin\server

VM Arguments:
jvm_args: -Dcom.sun.management.jmxremote -Dcom.sun.management.jmxremote.port=59508 -Dcom.sun.management.jmxremote.authenticate=false -Dcom.sun.management.jmxremote.ssl=false -Djava.rmi.server.hostname=localhost -Dspring.jmx.enabled=true -Dspring.application.admin.enabled=true -XX:TieredStopAtLevel=1 -Dspring.boot.project.name=nttdata-ms-eureka-t1-JJMA -Dfile.encoding=UTF-8 -XX:+ShowCodeDetailsInExceptionMessages 
java_command: com.nttdata.NttDataEurekaApplication --spring.output.ansi.enabled=always
java_class_path (initial): C:\dev\Workspace\Spring\nttdata-ms-eureka-t1-JJMA\target\classes;C:\Users\Tutmo\.m2\repository\org\springframework\cloud\spring-cloud-starter-netflix-eureka-server\4.0.0-RC2\spring-cloud-starter-netflix-eureka-server-4.0.0-RC2.jar;C:\Users\Tutmo\.m2\repository\org\springframework\cloud\spring-cloud-starter\4.0.0-RC2\spring-cloud-starter-4.0.0-RC2.jar;C:\Users\Tutmo\.m2\repository\org\springframework\cloud\spring-cloud-context\4.0.0-RC2\spring-cloud-context-4.0.0-RC2.jar;C:\Users\Tutmo\.m2\repository\org\springframework\security\spring-security-crypto\6.0.0\spring-security-crypto-6.0.0.jar;C:\Users\Tutmo\.m2\repository\org\springframework\cloud\spring-cloud-commons\4.0.0-RC2\spring-cloud-commons-4.0.0-RC2.jar;C:\Users\Tutmo\.m2\repository\org\springframework\security\spring-security-rsa\1.0.11.RELEASE\spring-security-rsa-1.0.11.RELEASE.jar;C:\Users\Tutmo\.m2\repository\org\bouncycastle\bcpkix-jdk15on\1.69\bcpkix-jdk15on-1.69.jar;C:\Users\Tutmo\.m2\repository\org\bouncycastle\bcprov-jdk15on\1.69\bcprov-jdk15on-1.69.jar;C:\Users\Tutmo\.m2\repository\org\bouncycastle\bcutil-jdk15on\1.69\bcutil-jdk15on-1.69.jar;C:\Users\Tutmo\.m2\repository\org\springframework\cloud\spring-cloud-netflix-eureka-server\4.0.0-RC2\spring-cloud-netflix-eureka-server-4.0.0-RC2.jar;C:\Users\Tutmo\.m2\repository\org\springframework\boot\spring-boot-starter-web\3.0.0\spring-boot-starter-web-3.0.0.jar;C:\Users\Tutmo\.m2\repository\org\springframework\boot\spring-boot-starter-json\3.0.0\spring-boot-starter-json-3.0.0.jar;C:\Users\Tutmo\.m2\repository\com\fasterxml\jackson\datatype\jackson-datatype-jdk8\2.14.1\jackson-datatype-jdk8-2.14.1.jar;C:\Users\Tutmo\.m2\repository\com\fasterxml\jackson\datatype\jackson-datatype-jsr310\2.14.1\jackson-datatype-jsr310-2.14.1.jar;C:\Users\Tutmo\.m2\repository\com\fasterxml\jackson\module\jackson-module-parameter-names\2.14.1\jackson-module-parameter-names-2.14.1.jar;C:\Users\Tutmo\.m2\repository\org\springframework\boot\spring-boot-s
Launcher Type: SUN_STANDARD

[Global flags]
     intx CICompilerCount                          = 4                                         {product} {ergonomic}
     uint ConcGCThreads                            = 3                                         {product} {ergonomic}
     uint G1ConcRefinementThreads                  = 10                                        {product} {ergonomic}
   size_t G1HeapRegionSize                         = 2097152                                   {product} {ergonomic}
    uintx GCDrainStackTargetSize                   = 64                                        {product} {ergonomic}
   size_t InitialHeapSize                          = 268435456                                 {product} {ergonomic}
     bool ManagementServer                         = true                                      {product} {command line}
   size_t MarkStackSize                            = 4194304                                   {product} {ergonomic}
   size_t MaxHeapSize                              = 4263510016                                {product} {ergonomic}
   size_t MinHeapDeltaBytes                        = 2097152                                   {product} {ergonomic}
   size_t MinHeapSize                              = 8388608                                   {product} {ergonomic}
    uintx NonProfiledCodeHeapSize                  = 0                                      {pd product} {ergonomic}
     bool ProfileInterpreter                       = false                                  {pd product} {command line}
    uintx ProfiledCodeHeapSize                     = 0                                      {pd product} {ergonomic}
     bool ShowCodeDetailsInExceptionMessages       = true                                   {manageable} {command line}
   size_t SoftMaxHeapSize                          = 4263510016                             {manageable} {ergonomic}
     intx TieredStopAtLevel                        = 1                                         {product} {command line}
     bool UseCompressedClassPointers               = true                           {product lp64_product} {ergonomic}
     bool UseCompressedOops                        = true                           {product lp64_product} {ergonomic}
     bool UseG1GC                                  = true                                      {product} {ergonomic}
     bool UseLargePagesIndividualAllocation        = false                                  {pd product} {ergonomic}

Logging:
Log output configuration:
 #0: stdout all=warning uptime,level,tags
 #1: stderr all=off uptime,level,tags

Environment Variables:
JAVA_HOME=C:\dev\Software\JDK\Version\jdk-19.0.1
PATH=D:/CURSOS/Microservicios/sts/sts-4.15.3.RELEASE//plugins/org.eclipse.justj.openjdk.hotspot.jre.full.win32.x86_64_17.0.4.v20220805-1047/jre/bin/server;D:/CURSOS/Microservicios/sts/sts-4.15.3.RELEASE//plugins/org.eclipse.justj.openjdk.hotspot.jre.full.win32.x86_64_17.0.4.v20220805-1047/jre/bin;C:\dev\Software\JDK\Oracle\OracleXE\dbhomeXE\bin;C:\Program Files\Oculus\Support\oculus-runtime;C:\windows\system32;C:\windows;C:\windows\System32\Wbem;C:\windows\System32\WindowsPowerShell\v1.0\;C:\windows\System32\OpenSSH\;C:\Program Files (x86)\NVIDIA Corporation\PhysX\Common;C:\Program Files\NVIDIA Corporation\NVIDIA NvDLISR;C:\Program Files\nodejs\;C:\Program Files\Intel\WiFi\bin\;C:\Program Files\Common Files\Intel\WirelessCommon\;C:\WINDOWS\system32;C:\WINDOWS;C:\WINDOWS\System32\Wbem;C:\WINDOWS\System32\WindowsPowerShell\v1.0\;C:\WINDOWS\System32\OpenSSH\;C:\Program Files (x86)\Brackets\command;C:\Program Files\Java\jdk-14.0.2\bin;C:\Program Files\SourceGear\Common\DiffMerge\;C:\dev\Software\Apache\Apache Maven\apache-maven-3.8.6\bin;C:\dev\Software\JDK\Version\jdk-19.0.1\bin;C:\Program Files\Git\cmd;C:\Program Files\MySQL\MySQL Shell 8.0\bin\;C:\Users\Tutmo\AppData\Local\Microsoft\WindowsApps;C:\Users\Tutmo\AppData\Roaming\npm;C:\Users\Tutmo\AppData\Local\Programs\Microsoft VS Code\bin;C:\Users\Tutmo\AppData\Local\GitHubDesktop\bin;C:\Program Files (x86)\OpenVPN\bin;C:\dev\Software\JDK\Version\jdk-19.0.1\bin;C:\dev\Software\Apache\Apache Maven\apache-maven-3.8.6\bin;;D:\CURSOS\Microservicios\sts\sts-4.15.3.RELEASE;
USERNAME=Tutmo
OS=Windows_NT
PROCESSOR_IDENTIFIER=Intel64 Family 6 Model 158 Stepping 10, GenuineIntel
TMP=C:\Users\Tutmo\AppData\Local\Temp
TEMP=C:\Users\Tutmo\AppData\Local\Temp



---------------  S Y S T E M  ---------------

OS:
 Windows 10 , 64 bit Build 19041 (10.0.19041.2364)
OS uptime: 1 days 23:41 hours

CPU: total 12 (initial active 12) (6 cores per cpu, 2 threads per core) family 6 model 158 stepping 10 microcode 0xca, cx8, cmov, fxsr, ht, mmx, 3dnowpref, sse, sse2, sse3, ssse3, sse4.1, sse4.2, popcnt, lzcnt, tsc, tscinvbit, avx, avx2, aes, erms, clmul, bmi1, bmi2, adx, fma, vzeroupper, clflush, clflushopt

Memory: 4k page, system-wide physical 16260M (6178M free)
TotalPageFile size 18307M (AvailPageFile size 226M)
current process WorkingSet (physical memory assigned to process): 10M, peak: 10M
current process commit charge ("private bytes"): 59M, peak: 315M

vm_info: OpenJDK 64-Bit Server VM (17.0.4+8) for windows-amd64 JRE (17.0.4+8), built on Jul 19 2022 16:05:16 by "temurin" with MS VC++ 16.7 (VS2019)

END.
